[2024-04-05 10:06:32,605] INFO [ControllerEventThread controllerId=0] Starting (kafka.controller.ControllerEventManager$ControllerEventThread)
[2024-04-05 10:06:32,631] INFO [Controller id=0] 0 successfully elected as the controller. Epoch incremented to 1 and epoch zk version is now 1 (kafka.controller.KafkaController)
[2024-04-05 10:06:32,635] INFO [Controller id=0] Creating FeatureZNode at path: /feature with contents: FeatureZNode(2,Enabled,Map()) (kafka.controller.KafkaController)
[2024-04-05 10:06:32,668] INFO [Controller id=0] Registering handlers (kafka.controller.KafkaController)
[2024-04-05 10:06:32,672] INFO [Controller id=0] Deleting log dir event notifications (kafka.controller.KafkaController)
[2024-04-05 10:06:32,677] INFO [Controller id=0] Deleting isr change notifications (kafka.controller.KafkaController)
[2024-04-05 10:06:32,680] INFO [Controller id=0] Initializing controller context (kafka.controller.KafkaController)
[2024-04-05 10:06:32,696] INFO [Controller id=0] Initialized broker epochs cache: HashMap(0 -> 25) (kafka.controller.KafkaController)
[2024-04-05 10:06:32,702] DEBUG [Controller id=0] Register BrokerModifications handler for Set(0) (kafka.controller.KafkaController)
[2024-04-05 10:06:32,719] DEBUG [Channel manager on controller 0]: Controller 0 trying to connect to broker 0 (kafka.controller.ControllerChannelManager)
[2024-04-05 10:06:32,727] INFO [RequestSendThread controllerId=0] Starting (kafka.controller.RequestSendThread)
[2024-04-05 10:06:32,737] INFO [Controller id=0] Currently active brokers in the cluster: Set(0) (kafka.controller.KafkaController)
[2024-04-05 10:06:32,737] INFO [Controller id=0] Currently shutting brokers in the cluster: HashSet() (kafka.controller.KafkaController)
[2024-04-05 10:06:32,738] INFO [Controller id=0] Current list of topics in the cluster: HashSet() (kafka.controller.KafkaController)
[2024-04-05 10:06:32,738] INFO [Controller id=0] Fetching topic deletions in progress (kafka.controller.KafkaController)
[2024-04-05 10:06:32,743] INFO [Controller id=0] List of topics to be deleted:  (kafka.controller.KafkaController)
[2024-04-05 10:06:32,744] INFO [Controller id=0] List of topics ineligible for deletion:  (kafka.controller.KafkaController)
[2024-04-05 10:06:32,744] INFO [Controller id=0] Initializing topic deletion manager (kafka.controller.KafkaController)
[2024-04-05 10:06:32,744] INFO [Topic Deletion Manager 0] Initializing manager with initial deletions: Set(), initial ineligible deletions: HashSet() (kafka.controller.TopicDeletionManager)
[2024-04-05 10:06:32,745] INFO [Controller id=0] Sending update metadata request (kafka.controller.KafkaController)
[2024-04-05 10:06:32,758] INFO [ReplicaStateMachine controllerId=0] Initializing replica state (kafka.controller.ZkReplicaStateMachine)
[2024-04-05 10:06:32,759] INFO [ReplicaStateMachine controllerId=0] Triggering online replica state changes (kafka.controller.ZkReplicaStateMachine)
[2024-04-05 10:06:32,763] INFO [ReplicaStateMachine controllerId=0] Triggering offline replica state changes (kafka.controller.ZkReplicaStateMachine)
[2024-04-05 10:06:32,764] DEBUG [ReplicaStateMachine controllerId=0] Started replica state machine with initial state -> HashMap() (kafka.controller.ZkReplicaStateMachine)
[2024-04-05 10:06:32,764] INFO [PartitionStateMachine controllerId=0] Initializing partition state (kafka.controller.ZkPartitionStateMachine)
[2024-04-05 10:06:32,765] INFO [PartitionStateMachine controllerId=0] Triggering online partition state changes (kafka.controller.ZkPartitionStateMachine)
[2024-04-05 10:06:32,768] DEBUG [PartitionStateMachine controllerId=0] Started partition state machine with initial state -> HashMap() (kafka.controller.ZkPartitionStateMachine)
[2024-04-05 10:06:32,769] INFO [Controller id=0] Ready to serve as the new controller with epoch 1 (kafka.controller.KafkaController)
[2024-04-05 10:06:32,771] WARN [RequestSendThread controllerId=0] Controller 0's connection to broker RIO-JX2BX53.hq.corp.viasat.com:9092 (id: 0 rack: null) was unsuccessful (kafka.controller.RequestSendThread)
java.io.IOException: Connection to RIO-JX2BX53.hq.corp.viasat.com:9092 (id: 0 rack: null) failed.
	at org.apache.kafka.clients.NetworkClientUtils.awaitReady(NetworkClientUtils.java:71)
	at kafka.controller.RequestSendThread.brokerReady(ControllerChannelManager.scala:298)
	at kafka.controller.RequestSendThread.doWork(ControllerChannelManager.scala:251)
	at org.apache.kafka.server.util.ShutdownableThread.run(ShutdownableThread.java:131)
[2024-04-05 10:06:32,780] INFO [Controller id=0] Partitions undergoing preferred replica election:  (kafka.controller.KafkaController)
[2024-04-05 10:06:32,780] INFO [Controller id=0] Partitions that completed preferred replica election:  (kafka.controller.KafkaController)
[2024-04-05 10:06:32,781] INFO [Controller id=0] Skipping preferred replica election for partitions due to topic deletion:  (kafka.controller.KafkaController)
[2024-04-05 10:06:32,781] INFO [Controller id=0] Resuming preferred replica election for partitions:  (kafka.controller.KafkaController)
[2024-04-05 10:06:32,782] INFO [Controller id=0] Starting replica leader election (PREFERRED) for partitions  triggered by ZkTriggered (kafka.controller.KafkaController)
[2024-04-05 10:06:32,797] INFO [Controller id=0] Starting the controller scheduler (kafka.controller.KafkaController)
[2024-04-05 10:06:32,877] INFO [RequestSendThread controllerId=0] Controller 0 connected to RIO-JX2BX53.hq.corp.viasat.com:9092 (id: 0 rack: null) for sending state change requests (kafka.controller.RequestSendThread)
[2024-04-05 10:06:37,799] INFO [Controller id=0] Processing automatic preferred replica leader election (kafka.controller.KafkaController)
[2024-04-05 10:06:37,801] TRACE [Controller id=0] Checking need to trigger auto leader balancing (kafka.controller.KafkaController)
[2024-04-05 10:11:12,149] INFO [Controller id=0] New topics: [Set(my-topic)], deleted topics: [HashSet()], new partition replica assignment [Set(TopicIdReplicaAssignment(my-topic,Some(7vpOghzcSZeR9AVmYXJIAA),Map(my-topic-0 -> ReplicaAssignment(replicas=0, addingReplicas=, removingReplicas=))))] (kafka.controller.KafkaController)
[2024-04-05 10:11:12,150] INFO [Controller id=0] New partition creation callback for my-topic-0 (kafka.controller.KafkaController)
[2024-04-05 10:11:37,806] INFO [Controller id=0] Processing automatic preferred replica leader election (kafka.controller.KafkaController)
[2024-04-05 10:11:37,806] TRACE [Controller id=0] Checking need to trigger auto leader balancing (kafka.controller.KafkaController)
[2024-04-05 10:11:37,811] DEBUG [Controller id=0] Topics not in preferred replica for broker 0 Map() (kafka.controller.KafkaController)
[2024-04-05 10:11:37,814] TRACE [Controller id=0] Leader imbalance ratio for broker 0 is 0.0 (kafka.controller.KafkaController)
[2024-04-05 10:14:12,624] INFO [Controller id=0] New topics: [Set(__consumer_offsets)], deleted topics: [HashSet()], new partition replica assignment [Set(TopicIdReplicaAssignment(__consumer_offsets,Some(yfnAZRGeQ4yf99XW9cv4Ow),HashMap(__consumer_offsets-22 -> ReplicaAssignment(replicas=0, addingReplicas=, removingReplicas=), __consumer_offsets-30 -> ReplicaAssignment(replicas=0, addingReplicas=, removingReplicas=), __consumer_offsets-25 -> ReplicaAssignment(replicas=0, addingReplicas=, removingReplicas=), __consumer_offsets-35 -> ReplicaAssignment(replicas=0, addingReplicas=, removingReplicas=), __consumer_offsets-37 -> ReplicaAssignment(replicas=0, addingReplicas=, removingReplicas=), __consumer_offsets-38 -> ReplicaAssignment(replicas=0, addingReplicas=, removingReplicas=), __consumer_offsets-13 -> ReplicaAssignment(replicas=0, addingReplicas=, removingReplicas=), __consumer_offsets-8 -> ReplicaAssignment(replicas=0, addingReplicas=, removingReplicas=), __consumer_offsets-21 -> ReplicaAssignment(replicas=0, addingReplicas=, removingReplicas=), __consumer_offsets-4 -> ReplicaAssignment(replicas=0, addingReplicas=, removingReplicas=), __consumer_offsets-27 -> ReplicaAssignment(replicas=0, addingReplicas=, removingReplicas=), __consumer_offsets-7 -> ReplicaAssignment(replicas=0, addingReplicas=, removingReplicas=), __consumer_offsets-9 -> ReplicaAssignment(replicas=0, addingReplicas=, removingReplicas=), __consumer_offsets-46 -> ReplicaAssignment(replicas=0, addingReplicas=, removingReplicas=), __consumer_offsets-41 -> ReplicaAssignment(replicas=0, addingReplicas=, removingReplicas=), __consumer_offsets-33 -> ReplicaAssignment(replicas=0, addingReplicas=, removingReplicas=), __consumer_offsets-23 -> ReplicaAssignment(replicas=0, addingReplicas=, removingReplicas=), __consumer_offsets-49 -> ReplicaAssignment(replicas=0, addingReplicas=, removingReplicas=), __consumer_offsets-47 -> ReplicaAssignment(replicas=0, addingReplicas=, removingReplicas=), __consumer_offsets-16 -> ReplicaAssignment(replicas=0, addingReplicas=, removingReplicas=), __consumer_offsets-28 -> ReplicaAssignment(replicas=0, addingReplicas=, removingReplicas=), __consumer_offsets-31 -> ReplicaAssignment(replicas=0, addingReplicas=, removingReplicas=), __consumer_offsets-36 -> ReplicaAssignment(replicas=0, addingReplicas=, removingReplicas=), __consumer_offsets-42 -> ReplicaAssignment(replicas=0, addingReplicas=, removingReplicas=), __consumer_offsets-3 -> ReplicaAssignment(replicas=0, addingReplicas=, removingReplicas=), __consumer_offsets-18 -> ReplicaAssignment(replicas=0, addingReplicas=, removingReplicas=), __consumer_offsets-15 -> ReplicaAssignment(replicas=0, addingReplicas=, removingReplicas=), __consumer_offsets-24 -> ReplicaAssignment(replicas=0, addingReplicas=, removingReplicas=), __consumer_offsets-17 -> ReplicaAssignment(replicas=0, addingReplicas=, removingReplicas=), __consumer_offsets-48 -> ReplicaAssignment(replicas=0, addingReplicas=, removingReplicas=), __consumer_offsets-19 -> ReplicaAssignment(replicas=0, addingReplicas=, removingReplicas=), __consumer_offsets-11 -> ReplicaAssignment(replicas=0, addingReplicas=, removingReplicas=), __consumer_offsets-2 -> ReplicaAssignment(replicas=0, addingReplicas=, removingReplicas=), __consumer_offsets-43 -> ReplicaAssignment(replicas=0, addingReplicas=, removingReplicas=), __consumer_offsets-6 -> ReplicaAssignment(replicas=0, addingReplicas=, removingReplicas=), __consumer_offsets-14 -> ReplicaAssignment(replicas=0, addingReplicas=, removingReplicas=), __consumer_offsets-20 -> ReplicaAssignment(replicas=0, addingReplicas=, removingReplicas=), __consumer_offsets-0 -> ReplicaAssignment(replicas=0, addingReplicas=, removingReplicas=), __consumer_offsets-44 -> ReplicaAssignment(replicas=0, addingReplicas=, removingReplicas=), __consumer_offsets-39 -> ReplicaAssignment(replicas=0, addingReplicas=, removingReplicas=), __consumer_offsets-12 -> ReplicaAssignment(replicas=0, addingReplicas=, removingReplicas=), __consumer_offsets-45 -> ReplicaAssignment(replicas=0, addingReplicas=, removingReplicas=), __consumer_offsets-1 -> ReplicaAssignment(replicas=0, addingReplicas=, removingReplicas=), __consumer_offsets-5 -> ReplicaAssignment(replicas=0, addingReplicas=, removingReplicas=), __consumer_offsets-26 -> ReplicaAssignment(replicas=0, addingReplicas=, removingReplicas=), __consumer_offsets-29 -> ReplicaAssignment(replicas=0, addingReplicas=, removingReplicas=), __consumer_offsets-34 -> ReplicaAssignment(replicas=0, addingReplicas=, removingReplicas=), __consumer_offsets-10 -> ReplicaAssignment(replicas=0, addingReplicas=, removingReplicas=), __consumer_offsets-32 -> ReplicaAssignment(replicas=0, addingReplicas=, removingReplicas=), __consumer_offsets-40 -> ReplicaAssignment(replicas=0, addingReplicas=, removingReplicas=))))] (kafka.controller.KafkaController)
[2024-04-05 10:14:12,624] INFO [Controller id=0] New partition creation callback for __consumer_offsets-22,__consumer_offsets-30,__consumer_offsets-25,__consumer_offsets-35,__consumer_offsets-37,__consumer_offsets-38,__consumer_offsets-13,__consumer_offsets-8,__consumer_offsets-21,__consumer_offsets-4,__consumer_offsets-27,__consumer_offsets-7,__consumer_offsets-9,__consumer_offsets-46,__consumer_offsets-41,__consumer_offsets-33,__consumer_offsets-23,__consumer_offsets-49,__consumer_offsets-47,__consumer_offsets-16,__consumer_offsets-28,__consumer_offsets-31,__consumer_offsets-36,__consumer_offsets-42,__consumer_offsets-3,__consumer_offsets-18,__consumer_offsets-15,__consumer_offsets-24,__consumer_offsets-17,__consumer_offsets-48,__consumer_offsets-19,__consumer_offsets-11,__consumer_offsets-2,__consumer_offsets-43,__consumer_offsets-6,__consumer_offsets-14,__consumer_offsets-20,__consumer_offsets-0,__consumer_offsets-44,__consumer_offsets-39,__consumer_offsets-12,__consumer_offsets-45,__consumer_offsets-1,__consumer_offsets-5,__consumer_offsets-26,__consumer_offsets-29,__consumer_offsets-34,__consumer_offsets-10,__consumer_offsets-32,__consumer_offsets-40 (kafka.controller.KafkaController)
[2024-04-05 10:16:37,815] INFO [Controller id=0] Processing automatic preferred replica leader election (kafka.controller.KafkaController)
[2024-04-05 10:16:37,815] TRACE [Controller id=0] Checking need to trigger auto leader balancing (kafka.controller.KafkaController)
[2024-04-05 10:16:37,820] DEBUG [Controller id=0] Topics not in preferred replica for broker 0 HashMap() (kafka.controller.KafkaController)
[2024-04-05 10:16:37,820] TRACE [Controller id=0] Leader imbalance ratio for broker 0 is 0.0 (kafka.controller.KafkaController)
[2024-04-05 10:21:37,821] INFO [Controller id=0] Processing automatic preferred replica leader election (kafka.controller.KafkaController)
[2024-04-05 10:21:37,821] TRACE [Controller id=0] Checking need to trigger auto leader balancing (kafka.controller.KafkaController)
[2024-04-05 10:21:37,826] DEBUG [Controller id=0] Topics not in preferred replica for broker 0 HashMap() (kafka.controller.KafkaController)
[2024-04-05 10:21:37,826] TRACE [Controller id=0] Leader imbalance ratio for broker 0 is 0.0 (kafka.controller.KafkaController)
[2024-04-05 10:26:37,827] INFO [Controller id=0] Processing automatic preferred replica leader election (kafka.controller.KafkaController)
[2024-04-05 10:26:37,827] TRACE [Controller id=0] Checking need to trigger auto leader balancing (kafka.controller.KafkaController)
[2024-04-05 10:26:37,831] DEBUG [Controller id=0] Topics not in preferred replica for broker 0 HashMap() (kafka.controller.KafkaController)
[2024-04-05 10:26:37,831] TRACE [Controller id=0] Leader imbalance ratio for broker 0 is 0.0 (kafka.controller.KafkaController)
[2024-04-05 10:31:37,831] INFO [Controller id=0] Processing automatic preferred replica leader election (kafka.controller.KafkaController)
[2024-04-05 10:31:37,832] TRACE [Controller id=0] Checking need to trigger auto leader balancing (kafka.controller.KafkaController)
[2024-04-05 10:31:37,836] DEBUG [Controller id=0] Topics not in preferred replica for broker 0 HashMap() (kafka.controller.KafkaController)
[2024-04-05 10:31:37,836] TRACE [Controller id=0] Leader imbalance ratio for broker 0 is 0.0 (kafka.controller.KafkaController)
[2024-04-05 10:32:43,902] INFO [Controller id=0] Shutting down broker 0 (kafka.controller.KafkaController)
[2024-04-05 10:32:43,903] DEBUG [Controller id=0] All shutting down brokers: 0 (kafka.controller.KafkaController)
[2024-04-05 10:32:43,903] DEBUG [Controller id=0] Live brokers:  (kafka.controller.KafkaController)
[2024-04-05 10:32:43,908] TRACE [Controller id=0] All leaders = __consumer_offsets-13 -> (Leader:0,ISR:0,LeaderRecoveryState:RECOVERED,LeaderEpoch:0,ZkVersion:0,ControllerEpoch:1),__consumer_offsets-46 -> (Leader:0,ISR:0,LeaderRecoveryState:RECOVERED,LeaderEpoch:0,ZkVersion:0,ControllerEpoch:1),__consumer_offsets-9 -> (Leader:0,ISR:0,LeaderRecoveryState:RECOVERED,LeaderEpoch:0,ZkVersion:0,ControllerEpoch:1),__consumer_offsets-42 -> (Leader:0,ISR:0,LeaderRecoveryState:RECOVERED,LeaderEpoch:0,ZkVersion:0,ControllerEpoch:1),__consumer_offsets-21 -> (Leader:0,ISR:0,LeaderRecoveryState:RECOVERED,LeaderEpoch:0,ZkVersion:0,ControllerEpoch:1),__consumer_offsets-17 -> (Leader:0,ISR:0,LeaderRecoveryState:RECOVERED,LeaderEpoch:0,ZkVersion:0,ControllerEpoch:1),__consumer_offsets-30 -> (Leader:0,ISR:0,LeaderRecoveryState:RECOVERED,LeaderEpoch:0,ZkVersion:0,ControllerEpoch:1),__consumer_offsets-26 -> (Leader:0,ISR:0,LeaderRecoveryState:RECOVERED,LeaderEpoch:0,ZkVersion:0,ControllerEpoch:1),__consumer_offsets-5 -> (Leader:0,ISR:0,LeaderRecoveryState:RECOVERED,LeaderEpoch:0,ZkVersion:0,ControllerEpoch:1),__consumer_offsets-38 -> (Leader:0,ISR:0,LeaderRecoveryState:RECOVERED,LeaderEpoch:0,ZkVersion:0,ControllerEpoch:1),my-topic-0 -> (Leader:0,ISR:0,LeaderRecoveryState:RECOVERED,LeaderEpoch:0,ZkVersion:0,ControllerEpoch:1),__consumer_offsets-1 -> (Leader:0,ISR:0,LeaderRecoveryState:RECOVERED,LeaderEpoch:0,ZkVersion:0,ControllerEpoch:1),__consumer_offsets-34 -> (Leader:0,ISR:0,LeaderRecoveryState:RECOVERED,LeaderEpoch:0,ZkVersion:0,ControllerEpoch:1),__consumer_offsets-16 -> (Leader:0,ISR:0,LeaderRecoveryState:RECOVERED,LeaderEpoch:0,ZkVersion:0,ControllerEpoch:1),__consumer_offsets-45 -> (Leader:0,ISR:0,LeaderRecoveryState:RECOVERED,LeaderEpoch:0,ZkVersion:0,ControllerEpoch:1),__consumer_offsets-12 -> (Leader:0,ISR:0,LeaderRecoveryState:RECOVERED,LeaderEpoch:0,ZkVersion:0,ControllerEpoch:1),__consumer_offsets-41 -> (Leader:0,ISR:0,LeaderRecoveryState:RECOVERED,LeaderEpoch:0,ZkVersion:0,ControllerEpoch:1),__consumer_offsets-24 -> (Leader:0,ISR:0,LeaderRecoveryState:RECOVERED,LeaderEpoch:0,ZkVersion:0,ControllerEpoch:1),__consumer_offsets-20 -> (Leader:0,ISR:0,LeaderRecoveryState:RECOVERED,LeaderEpoch:0,ZkVersion:0,ControllerEpoch:1),__consumer_offsets-49 -> (Leader:0,ISR:0,LeaderRecoveryState:RECOVERED,LeaderEpoch:0,ZkVersion:0,ControllerEpoch:1),__consumer_offsets-0 -> (Leader:0,ISR:0,LeaderRecoveryState:RECOVERED,LeaderEpoch:0,ZkVersion:0,ControllerEpoch:1),__consumer_offsets-29 -> (Leader:0,ISR:0,LeaderRecoveryState:RECOVERED,LeaderEpoch:0,ZkVersion:0,ControllerEpoch:1),__consumer_offsets-25 -> (Leader:0,ISR:0,LeaderRecoveryState:RECOVERED,LeaderEpoch:0,ZkVersion:0,ControllerEpoch:1),__consumer_offsets-8 -> (Leader:0,ISR:0,LeaderRecoveryState:RECOVERED,LeaderEpoch:0,ZkVersion:0,ControllerEpoch:1),__consumer_offsets-37 -> (Leader:0,ISR:0,LeaderRecoveryState:RECOVERED,LeaderEpoch:0,ZkVersion:0,ControllerEpoch:1),__consumer_offsets-4 -> (Leader:0,ISR:0,LeaderRecoveryState:RECOVERED,LeaderEpoch:0,ZkVersion:0,ControllerEpoch:1),__consumer_offsets-33 -> (Leader:0,ISR:0,LeaderRecoveryState:RECOVERED,LeaderEpoch:0,ZkVersion:0,ControllerEpoch:1),__consumer_offsets-15 -> (Leader:0,ISR:0,LeaderRecoveryState:RECOVERED,LeaderEpoch:0,ZkVersion:0,ControllerEpoch:1),__consumer_offsets-48 -> (Leader:0,ISR:0,LeaderRecoveryState:RECOVERED,LeaderEpoch:0,ZkVersion:0,ControllerEpoch:1),__consumer_offsets-11 -> (Leader:0,ISR:0,LeaderRecoveryState:RECOVERED,LeaderEpoch:0,ZkVersion:0,ControllerEpoch:1),__consumer_offsets-44 -> (Leader:0,ISR:0,LeaderRecoveryState:RECOVERED,LeaderEpoch:0,ZkVersion:0,ControllerEpoch:1),__consumer_offsets-23 -> (Leader:0,ISR:0,LeaderRecoveryState:RECOVERED,LeaderEpoch:0,ZkVersion:0,ControllerEpoch:1),__consumer_offsets-19 -> (Leader:0,ISR:0,LeaderRecoveryState:RECOVERED,LeaderEpoch:0,ZkVersion:0,ControllerEpoch:1),__consumer_offsets-32 -> (Leader:0,ISR:0,LeaderRecoveryState:RECOVERED,LeaderEpoch:0,ZkVersion:0,ControllerEpoch:1),__consumer_offsets-28 -> (Leader:0,ISR:0,LeaderRecoveryState:RECOVERED,LeaderEpoch:0,ZkVersion:0,ControllerEpoch:1),__consumer_offsets-7 -> (Leader:0,ISR:0,LeaderRecoveryState:RECOVERED,LeaderEpoch:0,ZkVersion:0,ControllerEpoch:1),__consumer_offsets-40 -> (Leader:0,ISR:0,LeaderRecoveryState:RECOVERED,LeaderEpoch:0,ZkVersion:0,ControllerEpoch:1),__consumer_offsets-3 -> (Leader:0,ISR:0,LeaderRecoveryState:RECOVERED,LeaderEpoch:0,ZkVersion:0,ControllerEpoch:1),__consumer_offsets-36 -> (Leader:0,ISR:0,LeaderRecoveryState:RECOVERED,LeaderEpoch:0,ZkVersion:0,ControllerEpoch:1),__consumer_offsets-47 -> (Leader:0,ISR:0,LeaderRecoveryState:RECOVERED,LeaderEpoch:0,ZkVersion:0,ControllerEpoch:1),__consumer_offsets-14 -> (Leader:0,ISR:0,LeaderRecoveryState:RECOVERED,LeaderEpoch:0,ZkVersion:0,ControllerEpoch:1),__consumer_offsets-43 -> (Leader:0,ISR:0,LeaderRecoveryState:RECOVERED,LeaderEpoch:0,ZkVersion:0,ControllerEpoch:1),__consumer_offsets-10 -> (Leader:0,ISR:0,LeaderRecoveryState:RECOVERED,LeaderEpoch:0,ZkVersion:0,ControllerEpoch:1),__consumer_offsets-22 -> (Leader:0,ISR:0,LeaderRecoveryState:RECOVERED,LeaderEpoch:0,ZkVersion:0,ControllerEpoch:1),__consumer_offsets-18 -> (Leader:0,ISR:0,LeaderRecoveryState:RECOVERED,LeaderEpoch:0,ZkVersion:0,ControllerEpoch:1),__consumer_offsets-31 -> (Leader:0,ISR:0,LeaderRecoveryState:RECOVERED,LeaderEpoch:0,ZkVersion:0,ControllerEpoch:1),__consumer_offsets-27 -> (Leader:0,ISR:0,LeaderRecoveryState:RECOVERED,LeaderEpoch:0,ZkVersion:0,ControllerEpoch:1),__consumer_offsets-39 -> (Leader:0,ISR:0,LeaderRecoveryState:RECOVERED,LeaderEpoch:0,ZkVersion:0,ControllerEpoch:1),__consumer_offsets-6 -> (Leader:0,ISR:0,LeaderRecoveryState:RECOVERED,LeaderEpoch:0,ZkVersion:0,ControllerEpoch:1),__consumer_offsets-35 -> (Leader:0,ISR:0,LeaderRecoveryState:RECOVERED,LeaderEpoch:0,ZkVersion:0,ControllerEpoch:1),__consumer_offsets-2 -> (Leader:0,ISR:0,LeaderRecoveryState:RECOVERED,LeaderEpoch:0,ZkVersion:0,ControllerEpoch:1) (kafka.controller.KafkaController)
[2024-04-05 10:32:44,097] INFO [ControllerEventThread controllerId=0] Shutting down (kafka.controller.ControllerEventManager$ControllerEventThread)
[2024-04-05 10:32:44,097] INFO [ControllerEventThread controllerId=0] Shutdown completed (kafka.controller.ControllerEventManager$ControllerEventThread)
[2024-04-05 10:32:44,097] INFO [ControllerEventThread controllerId=0] Stopped (kafka.controller.ControllerEventManager$ControllerEventThread)
[2024-04-05 10:32:44,098] DEBUG [Controller id=0] Resigning (kafka.controller.KafkaController)
[2024-04-05 10:32:44,099] DEBUG [Controller id=0] Unregister BrokerModifications handler for Set(0) (kafka.controller.KafkaController)
[2024-04-05 10:32:44,100] INFO [PartitionStateMachine controllerId=0] Stopped partition state machine (kafka.controller.ZkPartitionStateMachine)
[2024-04-05 10:32:44,101] INFO [ReplicaStateMachine controllerId=0] Stopped replica state machine (kafka.controller.ZkReplicaStateMachine)
[2024-04-05 10:32:44,102] INFO [RequestSendThread controllerId=0] Shutting down (kafka.controller.RequestSendThread)
[2024-04-05 10:32:44,102] INFO [RequestSendThread controllerId=0] Shutdown completed (kafka.controller.RequestSendThread)
[2024-04-05 10:32:44,102] INFO [RequestSendThread controllerId=0] Stopped (kafka.controller.RequestSendThread)
[2024-04-05 10:32:44,103] INFO [Controller id=0] Resigned (kafka.controller.KafkaController)
