[2024-04-05T10:06:30.041-0300][gc,heap] Heap region size: 1M
[2024-04-05T10:06:30.046-0300][gc     ] Using G1
[2024-04-05T10:06:30.046-0300][gc,heap,coops] Heap address: 0x00000000c0000000, size: 1024 MB, Compressed Oops mode: 32-bit
[2024-04-05T10:06:30.046-0300][gc,cds       ] Mark closed archive regions in map: [0x00000000ffe00000, 0x00000000ffe6bff8]
[2024-04-05T10:06:30.046-0300][gc,cds       ] Mark open archive regions in map: [0x00000000ffc00000, 0x00000000ffc47ff8]
[2024-04-05T10:06:31.456-0300][gc,start     ] GC(0) Pause Young (Normal) (G1 Evacuation Pause)
[2024-04-05T10:06:31.457-0300][gc,task      ] GC(0) Using 8 workers of 8 for evacuation
[2024-04-05T10:06:31.462-0300][gc,phases    ] GC(0)   Pre Evacuate Collection Set: 0,0ms
[2024-04-05T10:06:31.462-0300][gc,phases    ] GC(0)   Evacuate Collection Set: 4,9ms
[2024-04-05T10:06:31.462-0300][gc,phases    ] GC(0)   Post Evacuate Collection Set: 0,4ms
[2024-04-05T10:06:31.462-0300][gc,phases    ] GC(0)   Other: 0,9ms
[2024-04-05T10:06:31.462-0300][gc,heap      ] GC(0) Eden regions: 51->0(44)
[2024-04-05T10:06:31.462-0300][gc,heap      ] GC(0) Survivor regions: 0->7(7)
[2024-04-05T10:06:31.462-0300][gc,heap      ] GC(0) Old regions: 2->3
[2024-04-05T10:06:31.462-0300][gc,heap      ] GC(0) Humongous regions: 0->0
[2024-04-05T10:06:31.462-0300][gc,metaspace ] GC(0) Metaspace: 14056K(14848K)->14056K(14848K) NonClass: 12330K(12800K)->12330K(12800K) Class: 1725K(2048K)->1725K(2048K)
[2024-04-05T10:06:31.462-0300][gc           ] GC(0) Pause Young (Normal) (G1 Evacuation Pause) 51M->7M(1024M) 6,252ms
[2024-04-05T10:06:31.462-0300][gc,cpu       ] GC(0) User=0,03s Sys=0,01s Real=0,01s
[2024-04-05T10:06:31.802-0300][gc,start     ] GC(1) Pause Young (Concurrent Start) (Metadata GC Threshold)
[2024-04-05T10:06:31.803-0300][gc,task      ] GC(1) Using 8 workers of 8 for evacuation
[2024-04-05T10:06:31.812-0300][gc,phases    ] GC(1)   Pre Evacuate Collection Set: 0,0ms
[2024-04-05T10:06:31.812-0300][gc,phases    ] GC(1)   Evacuate Collection Set: 8,7ms
[2024-04-05T10:06:31.812-0300][gc,phases    ] GC(1)   Post Evacuate Collection Set: 0,3ms
[2024-04-05T10:06:31.812-0300][gc,phases    ] GC(1)   Other: 0,2ms
[2024-04-05T10:06:31.812-0300][gc,heap      ] GC(1) Eden regions: 30->0(49)
[2024-04-05T10:06:31.812-0300][gc,heap      ] GC(1) Survivor regions: 7->2(7)
[2024-04-05T10:06:31.812-0300][gc,heap      ] GC(1) Old regions: 3->10
[2024-04-05T10:06:31.812-0300][gc,heap      ] GC(1) Humongous regions: 0->0
[2024-04-05T10:06:31.812-0300][gc,metaspace ] GC(1) Metaspace: 20429K(21248K)->20429K(21248K) NonClass: 17975K(18432K)->17975K(18432K) Class: 2453K(2816K)->2453K(2816K)
[2024-04-05T10:06:31.812-0300][gc           ] GC(1) Pause Young (Concurrent Start) (Metadata GC Threshold) 37M->9M(1024M) 9,356ms
[2024-04-05T10:06:31.812-0300][gc,cpu       ] GC(1) User=0,04s Sys=0,00s Real=0,01s
[2024-04-05T10:06:31.812-0300][gc           ] GC(2) Concurrent Cycle
[2024-04-05T10:06:31.812-0300][gc,marking   ] GC(2) Concurrent Clear Claimed Marks
[2024-04-05T10:06:31.812-0300][gc,marking   ] GC(2) Concurrent Clear Claimed Marks 0,019ms
[2024-04-05T10:06:31.812-0300][gc,marking   ] GC(2) Concurrent Scan Root Regions
[2024-04-05T10:06:31.813-0300][gc,marking   ] GC(2) Concurrent Scan Root Regions 1,171ms
[2024-04-05T10:06:31.813-0300][gc,marking   ] GC(2) Concurrent Mark (1,780s)
[2024-04-05T10:06:31.813-0300][gc,marking   ] GC(2) Concurrent Mark From Roots
[2024-04-05T10:06:31.813-0300][gc,task      ] GC(2) Using 2 workers of 2 for marking
[2024-04-05T10:06:31.818-0300][gc,marking   ] GC(2) Concurrent Mark From Roots 5,040ms
[2024-04-05T10:06:31.818-0300][gc,marking   ] GC(2) Concurrent Preclean
[2024-04-05T10:06:31.818-0300][gc,marking   ] GC(2) Concurrent Preclean 0,079ms
[2024-04-05T10:06:31.818-0300][gc,marking   ] GC(2) Concurrent Mark (1,780s, 1,785s) 5,162ms
[2024-04-05T10:06:31.818-0300][gc,start     ] GC(2) Pause Remark
[2024-04-05T10:06:31.820-0300][gc,stringtable] GC(2) Cleaned string and symbol table, strings: 5760 processed, 0 removed, symbols: 53886 processed, 43 removed
[2024-04-05T10:06:31.820-0300][gc            ] GC(2) Pause Remark 9M->9M(1024M) 1,859ms
[2024-04-05T10:06:31.820-0300][gc,cpu        ] GC(2) User=0,01s Sys=0,00s Real=0,00s
[2024-04-05T10:06:31.820-0300][gc,marking    ] GC(2) Concurrent Rebuild Remembered Sets
[2024-04-05T10:06:31.823-0300][gc,marking    ] GC(2) Concurrent Rebuild Remembered Sets 2,996ms
[2024-04-05T10:06:31.823-0300][gc,start      ] GC(2) Pause Cleanup
[2024-04-05T10:06:31.824-0300][gc            ] GC(2) Pause Cleanup 9M->9M(1024M) 0,167ms
[2024-04-05T10:06:31.824-0300][gc,cpu        ] GC(2) User=0,00s Sys=0,00s Real=0,00s
[2024-04-05T10:06:31.824-0300][gc,marking    ] GC(2) Concurrent Cleanup for Next Mark
[2024-04-05T10:06:31.827-0300][gc,marking    ] GC(2) Concurrent Cleanup for Next Mark 3,391ms
[2024-04-05T10:06:31.827-0300][gc            ] GC(2) Concurrent Cycle 15,156ms
[2024-04-05T10:06:32.352-0300][gc,start      ] GC(3) Pause Young (Normal) (G1 Evacuation Pause)
[2024-04-05T10:06:32.352-0300][gc,task       ] GC(3) Using 8 workers of 8 for evacuation
[2024-04-05T10:06:32.356-0300][gc,phases     ] GC(3)   Pre Evacuate Collection Set: 0,0ms
[2024-04-05T10:06:32.356-0300][gc,phases     ] GC(3)   Evacuate Collection Set: 3,5ms
[2024-04-05T10:06:32.356-0300][gc,phases     ] GC(3)   Post Evacuate Collection Set: 0,3ms
[2024-04-05T10:06:32.356-0300][gc,phases     ] GC(3)   Other: 0,1ms
[2024-04-05T10:06:32.356-0300][gc,heap       ] GC(3) Eden regions: 49->0(47)
[2024-04-05T10:06:32.356-0300][gc,heap       ] GC(3) Survivor regions: 2->4(7)
[2024-04-05T10:06:32.356-0300][gc,heap       ] GC(3) Old regions: 10->10
[2024-04-05T10:06:32.356-0300][gc,heap       ] GC(3) Humongous regions: 129->129
[2024-04-05T10:06:32.356-0300][gc,metaspace  ] GC(3) Metaspace: 28831K(29952K)->28831K(29952K) NonClass: 25472K(26112K)->25472K(26112K) Class: 3359K(3840K)->3359K(3840K)
[2024-04-05T10:06:32.356-0300][gc            ] GC(3) Pause Young (Normal) (G1 Evacuation Pause) 187M->141M(1024M) 3,979ms
[2024-04-05T10:06:32.356-0300][gc,cpu        ] GC(3) User=0,02s Sys=0,00s Real=0,00s
[2024-04-05T10:06:32.708-0300][gc,start      ] GC(4) Pause Young (Concurrent Start) (Metadata GC Threshold)
[2024-04-05T10:06:32.708-0300][gc,task       ] GC(4) Using 8 workers of 8 for evacuation
[2024-04-05T10:06:32.717-0300][gc,phases     ] GC(4)   Pre Evacuate Collection Set: 0,1ms
[2024-04-05T10:06:32.717-0300][gc,phases     ] GC(4)   Evacuate Collection Set: 8,7ms
[2024-04-05T10:06:32.717-0300][gc,phases     ] GC(4)   Post Evacuate Collection Set: 0,4ms
[2024-04-05T10:06:32.717-0300][gc,phases     ] GC(4)   Other: 0,3ms
[2024-04-05T10:06:32.717-0300][gc,heap       ] GC(4) Eden regions: 34->0(45)
[2024-04-05T10:06:32.717-0300][gc,heap       ] GC(4) Survivor regions: 4->6(7)
[2024-04-05T10:06:32.717-0300][gc,heap       ] GC(4) Old regions: 10->11
[2024-04-05T10:06:32.717-0300][gc,heap       ] GC(4) Humongous regions: 129->129
[2024-04-05T10:06:32.717-0300][gc,metaspace  ] GC(4) Metaspace: 34420K(35840K)->34420K(35840K) NonClass: 30473K(31232K)->30473K(31232K) Class: 3947K(4608K)->3947K(4608K)
[2024-04-05T10:06:32.717-0300][gc            ] GC(4) Pause Young (Concurrent Start) (Metadata GC Threshold) 174M->143M(1024M) 9,581ms
[2024-04-05T10:06:32.717-0300][gc,cpu        ] GC(4) User=0,04s Sys=0,00s Real=0,00s
[2024-04-05T10:06:32.717-0300][gc            ] GC(5) Concurrent Cycle
[2024-04-05T10:06:32.717-0300][gc,marking    ] GC(5) Concurrent Clear Claimed Marks
[2024-04-05T10:06:32.717-0300][gc,marking    ] GC(5) Concurrent Clear Claimed Marks 0,044ms
[2024-04-05T10:06:32.717-0300][gc,marking    ] GC(5) Concurrent Scan Root Regions
[2024-04-05T10:06:32.720-0300][gc,marking    ] GC(5) Concurrent Scan Root Regions 2,974ms
[2024-04-05T10:06:32.720-0300][gc,marking    ] GC(5) Concurrent Mark (2,687s)
[2024-04-05T10:06:32.720-0300][gc,marking    ] GC(5) Concurrent Mark From Roots
[2024-04-05T10:06:32.720-0300][gc,task       ] GC(5) Using 2 workers of 2 for marking
[2024-04-05T10:06:32.729-0300][gc,marking    ] GC(5) Concurrent Mark From Roots 8,552ms
[2024-04-05T10:06:32.729-0300][gc,marking    ] GC(5) Concurrent Preclean
[2024-04-05T10:06:32.729-0300][gc,marking    ] GC(5) Concurrent Preclean 0,142ms
[2024-04-05T10:06:32.729-0300][gc,marking    ] GC(5) Concurrent Mark (2,687s, 2,696s) 8,757ms
[2024-04-05T10:06:32.729-0300][gc,start      ] GC(5) Pause Remark
[2024-04-05T10:06:32.736-0300][gc,stringtable] GC(5) Cleaned string and symbol table, strings: 11644 processed, 10 removed, symbols: 88453 processed, 15 removed
[2024-04-05T10:06:32.737-0300][gc            ] GC(5) Pause Remark 145M->145M(1024M) 7,343ms
[2024-04-05T10:06:32.737-0300][gc,cpu        ] GC(5) User=0,03s Sys=0,00s Real=0,00s
[2024-04-05T10:06:32.737-0300][gc,marking    ] GC(5) Concurrent Rebuild Remembered Sets
[2024-04-05T10:06:32.745-0300][gc,marking    ] GC(5) Concurrent Rebuild Remembered Sets 7,980ms
[2024-04-05T10:06:32.745-0300][gc,start      ] GC(5) Pause Cleanup
[2024-04-05T10:06:32.745-0300][gc            ] GC(5) Pause Cleanup 146M->146M(1024M) 0,163ms
[2024-04-05T10:06:32.745-0300][gc,cpu        ] GC(5) User=0,00s Sys=0,00s Real=0,00s
[2024-04-05T10:06:32.745-0300][gc,marking    ] GC(5) Concurrent Cleanup for Next Mark
[2024-04-05T10:06:32.748-0300][gc,marking    ] GC(5) Concurrent Cleanup for Next Mark 3,258ms
[2024-04-05T10:06:32.748-0300][gc            ] GC(5) Concurrent Cycle 31,032ms
[2024-04-05T10:14:12.698-0300][gc,start      ] GC(6) Pause Young (Normal) (G1 Evacuation Pause)
[2024-04-05T10:14:12.698-0300][gc,task       ] GC(6) Using 8 workers of 8 for evacuation
[2024-04-05T10:14:12.703-0300][gc,phases     ] GC(6)   Pre Evacuate Collection Set: 0,0ms
[2024-04-05T10:14:12.703-0300][gc,phases     ] GC(6)   Evacuate Collection Set: 4,2ms
[2024-04-05T10:14:12.703-0300][gc,phases     ] GC(6)   Post Evacuate Collection Set: 0,6ms
[2024-04-05T10:14:12.703-0300][gc,phases     ] GC(6)   Other: 0,1ms
[2024-04-05T10:14:12.703-0300][gc,heap       ] GC(6) Eden regions: 45->0(45)
[2024-04-05T10:14:12.703-0300][gc,heap       ] GC(6) Survivor regions: 6->6(7)
[2024-04-05T10:14:12.703-0300][gc,heap       ] GC(6) Old regions: 11->14
[2024-04-05T10:14:12.703-0300][gc,heap       ] GC(6) Humongous regions: 129->129
[2024-04-05T10:14:12.703-0300][gc,metaspace  ] GC(6) Metaspace: 41248K(43776K)->41248K(43776K) NonClass: 36011K(37376K)->36011K(37376K) Class: 5236K(6400K)->5236K(6400K)
[2024-04-05T10:14:12.703-0300][gc            ] GC(6) Pause Young (Normal) (G1 Evacuation Pause) 188M->146M(1024M) 5,037ms
[2024-04-05T10:14:12.704-0300][gc,cpu        ] GC(6) User=0,01s Sys=0,01s Real=0,00s
[2024-04-05T10:21:37.270-0300][gc,start      ] GC(7) Pause Young (Normal) (G1 Evacuation Pause)
[2024-04-05T10:21:37.270-0300][gc,task       ] GC(7) Using 8 workers of 8 for evacuation
[2024-04-05T10:21:37.290-0300][gc,phases     ] GC(7)   Pre Evacuate Collection Set: 0,0ms
[2024-04-05T10:21:37.291-0300][gc,phases     ] GC(7)   Evacuate Collection Set: 17,6ms
[2024-04-05T10:21:37.291-0300][gc,phases     ] GC(7)   Post Evacuate Collection Set: 2,0ms
[2024-04-05T10:21:37.291-0300][gc,phases     ] GC(7)   Other: 0,4ms
[2024-04-05T10:21:37.291-0300][gc,heap       ] GC(7) Eden regions: 45->0(46)
[2024-04-05T10:21:37.291-0300][gc,heap       ] GC(7) Survivor regions: 6->5(7)
[2024-04-05T10:21:37.291-0300][gc,heap       ] GC(7) Old regions: 14->17
[2024-04-05T10:21:37.291-0300][gc,heap       ] GC(7) Humongous regions: 129->129
[2024-04-05T10:21:37.291-0300][gc,metaspace  ] GC(7) Metaspace: 44642K(47488K)->44642K(47488K) NonClass: 38952K(40448K)->38952K(40448K) Class: 5690K(7040K)->5690K(7040K)
[2024-04-05T10:21:37.291-0300][gc            ] GC(7) Pause Young (Normal) (G1 Evacuation Pause) 191M->148M(1024M) 20,481ms
[2024-04-05T10:21:37.291-0300][gc,cpu        ] GC(7) User=0,12s Sys=0,01s Real=0,02s
[2024-04-05T10:32:45.380-0300][gc,heap,exit  ] Heap
[2024-04-05T10:32:45.380-0300][gc,heap,exit  ]  garbage-first heap   total 1048576K, used 181870K [0x00000000c0000000, 0x0000000100000000)
[2024-04-05T10:32:45.380-0300][gc,heap,exit  ]   region size 1024K, 36 young (36864K), 5 survivors (5120K)
[2024-04-05T10:32:45.380-0300][gc,heap,exit  ]  Metaspace       used 45767K, capacity 48719K, committed 48896K, reserved 1091584K
[2024-04-05T10:32:45.380-0300][gc,heap,exit  ]   class space    used 5937K, capacity 7359K, committed 7424K, reserved 1048576K
